17-Apr-2021 10:30:55.234 INFO [main] org.apache.catalina.startup.VersionLoggerListener.log Server version name:   Apache Tomcat/8.5.65
17-Apr-2021 10:30:55.248 INFO [main] org.apache.catalina.startup.VersionLoggerListener.log Server built:          Mar 30 2021 12:28:40 UTC
17-Apr-2021 10:30:55.249 INFO [main] org.apache.catalina.startup.VersionLoggerListener.log Server version number: 8.5.65.0
17-Apr-2021 10:30:55.249 INFO [main] org.apache.catalina.startup.VersionLoggerListener.log OS Name:               Linux
17-Apr-2021 10:30:55.249 INFO [main] org.apache.catalina.startup.VersionLoggerListener.log OS Version:            4.14.225-169.362.amzn2.x86_64
17-Apr-2021 10:30:55.249 INFO [main] org.apache.catalina.startup.VersionLoggerListener.log Architecture:          amd64
17-Apr-2021 10:30:55.249 INFO [main] org.apache.catalina.startup.VersionLoggerListener.log Java Home:             /usr/lib/jvm/java-11-amazon-corretto.x86_64
17-Apr-2021 10:30:55.249 INFO [main] org.apache.catalina.startup.VersionLoggerListener.log JVM Version:           11.0.10+9-LTS
17-Apr-2021 10:30:55.249 INFO [main] org.apache.catalina.startup.VersionLoggerListener.log JVM Vendor:            Amazon.com Inc.
17-Apr-2021 10:30:55.249 INFO [main] org.apache.catalina.startup.VersionLoggerListener.log CATALINA_BASE:         /home/ansadmin/apache-tomcat-8.5.65
17-Apr-2021 10:30:55.249 INFO [main] org.apache.catalina.startup.VersionLoggerListener.log CATALINA_HOME:         /home/ansadmin/apache-tomcat-8.5.65
17-Apr-2021 10:30:55.251 INFO [main] org.apache.catalina.startup.VersionLoggerListener.log Command line argument: --add-opens=java.base/java.lang=ALL-UNNAMED
17-Apr-2021 10:30:55.251 INFO [main] org.apache.catalina.startup.VersionLoggerListener.log Command line argument: --add-opens=java.base/java.io=ALL-UNNAMED
17-Apr-2021 10:30:55.251 INFO [main] org.apache.catalina.startup.VersionLoggerListener.log Command line argument: --add-opens=java.base/java.util=ALL-UNNAMED
17-Apr-2021 10:30:55.251 INFO [main] org.apache.catalina.startup.VersionLoggerListener.log Command line argument: --add-opens=java.base/java.util.concurrent=ALL-UNNAMED
17-Apr-2021 10:30:55.252 INFO [main] org.apache.catalina.startup.VersionLoggerListener.log Command line argument: --add-opens=java.rmi/sun.rmi.transport=ALL-UNNAMED
17-Apr-2021 10:30:55.252 INFO [main] org.apache.catalina.startup.VersionLoggerListener.log Command line argument: -Djava.util.logging.config.file=/home/ansadmin/apache-tomcat-8.5.65/conf/logging.properties
17-Apr-2021 10:30:55.268 INFO [main] org.apache.catalina.startup.VersionLoggerListener.log Command line argument: -Djava.util.logging.manager=org.apache.juli.ClassLoaderLogManager
17-Apr-2021 10:30:55.268 INFO [main] org.apache.catalina.startup.VersionLoggerListener.log Command line argument: -Djdk.tls.ephemeralDHKeySize=2048
17-Apr-2021 10:30:55.269 INFO [main] org.apache.catalina.startup.VersionLoggerListener.log Command line argument: -Djava.protocol.handler.pkgs=org.apache.catalina.webresources
17-Apr-2021 10:30:55.269 INFO [main] org.apache.catalina.startup.VersionLoggerListener.log Command line argument: -Dorg.apache.catalina.security.SecurityListener.UMASK=0027
17-Apr-2021 10:30:55.269 INFO [main] org.apache.catalina.startup.VersionLoggerListener.log Command line argument: -Dignore.endorsed.dirs=
17-Apr-2021 10:30:55.270 INFO [main] org.apache.catalina.startup.VersionLoggerListener.log Command line argument: -Dcatalina.base=/home/ansadmin/apache-tomcat-8.5.65
17-Apr-2021 10:30:55.270 INFO [main] org.apache.catalina.startup.VersionLoggerListener.log Command line argument: -Dcatalina.home=/home/ansadmin/apache-tomcat-8.5.65
17-Apr-2021 10:30:55.271 INFO [main] org.apache.catalina.startup.VersionLoggerListener.log Command line argument: -Djava.io.tmpdir=/home/ansadmin/apache-tomcat-8.5.65/temp
17-Apr-2021 10:30:55.271 INFO [main] org.apache.catalina.core.AprLifecycleListener.lifecycleEvent The Apache Tomcat Native library which allows using OpenSSL was not found on the java.library.path: [/usr/java/packages/lib:/usr/lib64:/lib64:/lib:/usr/lib]
17-Apr-2021 10:30:55.397 INFO [main] org.apache.coyote.AbstractProtocol.init Initializing ProtocolHandler ["http-nio-8080"]
17-Apr-2021 10:30:55.458 INFO [main] org.apache.tomcat.util.net.NioSelectorPool.getSharedSelector Using a shared selector for servlet write/read
17-Apr-2021 10:30:55.513 INFO [main] org.apache.catalina.startup.Catalina.load Initialization processed in 2065 ms
17-Apr-2021 10:30:55.699 INFO [main] org.apache.catalina.core.StandardService.startInternal Starting service [Catalina]
17-Apr-2021 10:30:55.702 INFO [main] org.apache.catalina.core.StandardEngine.startInternal Starting Servlet engine: [Apache Tomcat/8.5.65]
17-Apr-2021 10:30:55.734 INFO [localhost-startStop-1] org.apache.catalina.startup.HostConfig.deployDirectory Deploying web application directory [/home/ansadmin/apache-tomcat-8.5.65/webapps/ROOT]
17-Apr-2021 10:30:56.532 INFO [localhost-startStop-1] org.apache.catalina.startup.HostConfig.deployDirectory Deployment of web application directory [/home/ansadmin/apache-tomcat-8.5.65/webapps/ROOT] has finished in [794] ms
17-Apr-2021 10:30:56.533 INFO [localhost-startStop-1] org.apache.catalina.startup.HostConfig.deployDirectory Deploying web application directory [/home/ansadmin/apache-tomcat-8.5.65/webapps/docs]
17-Apr-2021 10:30:56.606 INFO [localhost-startStop-1] org.apache.catalina.startup.HostConfig.deployDirectory Deployment of web application directory [/home/ansadmin/apache-tomcat-8.5.65/webapps/docs] has finished in [73] ms
17-Apr-2021 10:30:56.608 INFO [localhost-startStop-1] org.apache.catalina.startup.HostConfig.deployDirectory Deploying web application directory [/home/ansadmin/apache-tomcat-8.5.65/webapps/examples]
17-Apr-2021 10:30:57.430 INFO [localhost-startStop-1] org.apache.catalina.startup.HostConfig.deployDirectory Deployment of web application directory [/home/ansadmin/apache-tomcat-8.5.65/webapps/examples] has finished in [822] ms
17-Apr-2021 10:30:57.436 INFO [localhost-startStop-1] org.apache.catalina.startup.HostConfig.deployDirectory Deploying web application directory [/home/ansadmin/apache-tomcat-8.5.65/webapps/host-manager]
17-Apr-2021 10:30:57.493 INFO [localhost-startStop-1] org.apache.catalina.startup.HostConfig.deployDirectory Deployment of web application directory [/home/ansadmin/apache-tomcat-8.5.65/webapps/host-manager] has finished in [57] ms
17-Apr-2021 10:30:57.493 INFO [localhost-startStop-1] org.apache.catalina.startup.HostConfig.deployDirectory Deploying web application directory [/home/ansadmin/apache-tomcat-8.5.65/webapps/manager]
17-Apr-2021 10:30:57.543 INFO [localhost-startStop-1] org.apache.catalina.startup.HostConfig.deployDirectory Deployment of web application directory [/home/ansadmin/apache-tomcat-8.5.65/webapps/manager] has finished in [50] ms
17-Apr-2021 10:30:57.548 INFO [main] org.apache.coyote.AbstractProtocol.start Starting ProtocolHandler ["http-nio-8080"]
17-Apr-2021 10:30:57.583 INFO [main] org.apache.catalina.startup.Catalina.start Server startup in 2069 ms
17-Apr-2021 11:03:47.243 INFO [Thread-3] org.apache.coyote.AbstractProtocol.pause Pausing ProtocolHandler ["http-nio-8080"]
17-Apr-2021 11:03:47.260 INFO [Thread-3] org.apache.catalina.core.StandardService.stopInternal Stopping service [Catalina]
17-Apr-2021 11:03:47.361 INFO [Thread-3] org.apache.coyote.AbstractProtocol.stop Stopping ProtocolHandler ["http-nio-8080"]
17-Apr-2021 11:03:47.371 INFO [Thread-3] org.apache.coyote.AbstractProtocol.destroy Destroying ProtocolHandler ["http-nio-8080"]
